-------------------------------------------------------------------------------
Test set: cl.kibernumacademy.GestorReservasTest
-------------------------------------------------------------------------------
Tests run: 5, Failures: 0, Errors: 3, Skipped: 0, Time elapsed: 3.201 s <<< FAILURE! -- in cl.kibernumacademy.GestorReservasTest
cl.kibernumacademy.GestorReservasTest.testCancelarReserva -- Time elapsed: 2.992 s <<< ERROR!
org.mockito.exceptions.misusing.UnnecessaryStubbingException: 

Unnecessary stubbings detected.
Clean & maintainable test code requires zero unnecessary code.
Following stubbings are unnecessary (click to navigate to relevant line of code):
  1. -> at cl.kibernumacademy.GestorReservasTest.testCancelarReserva(GestorReservasTest.java:97)
Please remove unnecessary stubbings or use 'lenient' strictness. More info: javadoc for UnnecessaryStubbingException class.
	at org.mockito.junit.jupiter.MockitoExtension.afterEach(MockitoExtension.java:197)
	at java.base/java.util.ArrayList.forEach(ArrayList.java:1511)
	at java.base/java.util.ArrayList.forEach(ArrayList.java:1511)

cl.kibernumacademy.GestorReservasTest.testCalcularReservasPorDia -- Time elapsed: 0.011 s <<< ERROR!
java.lang.NullPointerException: Cannot invoke "java.util.List.add(Object)" because "this.canchas" is null
	at cl.kibernumacademy.servicio.GestorReservas.registrarCancha(GestorReservas.java:40)
	at cl.kibernumacademy.GestorReservasTest.testCalcularReservasPorDia(GestorReservasTest.java:133)
	at java.base/java.lang.reflect.Method.invoke(Method.java:569)
	at java.base/java.util.ArrayList.forEach(ArrayList.java:1511)
	at java.base/java.util.ArrayList.forEach(ArrayList.java:1511)

cl.kibernumacademy.GestorReservasTest.testRegistrarCanchas -- Time elapsed: 0.007 s <<< ERROR!
java.lang.NullPointerException: Cannot invoke "java.util.List.add(Object)" because "this.canchas" is null
	at cl.kibernumacademy.servicio.GestorReservas.registrarCancha(GestorReservas.java:40)
	at cl.kibernumacademy.GestorReservasTest.testRegistrarCanchas(GestorReservasTest.java:58)
	at java.base/java.lang.reflect.Method.invoke(Method.java:569)
	at java.base/java.util.ArrayList.forEach(ArrayList.java:1511)
	at java.base/java.util.ArrayList.forEach(ArrayList.java:1511)

