<?xml version="1.0" encoding="UTF-8"?>
<testsuite xmlns:xsi="http://www.w3.org/2001/XMLSchema-instance" xsi:noNamespaceSchemaLocation="https://maven.apache.org/surefire/maven-surefire-plugin/xsd/surefire-test-report-3.0.xsd" version="3.0" name="cl.kibernumacademy.GestorReservasTest" time="3.201" tests="5" errors="3" skipped="0" failures="0">
  <properties>
[...]
</properties>
  <testcase name="testCancelarReserva" classname="cl.kibernumacademy.GestorReservasTest" time="2.992">
    <error message="&#10;Unnecessary stubbings detected.&#10;Clean &amp; maintainable test code requires zero unnecessary code.&#10;Following stubbings are unnecessary (click to navigate to relevant line of code):&#10;  1. -&gt; at cl.kibernumacademy.GestorReservasTest.testCancelarReserva(GestorReservasTest.java:97)&#10;Please remove unnecessary stubbings or use &apos;lenient&apos; strictness. More info: javadoc for UnnecessaryStubbingException class." type="org.mockito.exceptions.misusing.UnnecessaryStubbingException"><![CDATA[org.mockito.exceptions.misusing.UnnecessaryStubbingException: 

Unnecessary stubbings detected.
Clean & maintainable test code requires zero unnecessary code.
Following stubbings are unnecessary (click to navigate to relevant line of code):
  1. -> at cl.kibernumacademy.GestorReservasTest.testCancelarReserva(GestorReservasTest.java:97)
Please remove unnecessary stubbings or use 'lenient' strictness. More info: javadoc for UnnecessaryStubbingException class.
	at org.mockito.junit.jupiter.MockitoExtension.afterEach(MockitoExtension.java:197)
	at java.base/java.util.ArrayList.forEach(ArrayList.java:1511)
	at java.base/java.util.ArrayList.forEach(ArrayList.java:1511)
]]></error>
  </testcase>
  <testcase name="testReservaCanchasOcupadas" classname="cl.kibernumacademy.GestorReservasTest" time="0.06"/>
  <testcase name="testCalcularReservasPorDia" classname="cl.kibernumacademy.GestorReservasTest" time="0.011">
    <error message="Cannot invoke &quot;java.util.List.add(Object)&quot; because &quot;this.canchas&quot; is null" type="java.lang.NullPointerException"><![CDATA[java.lang.NullPointerException: Cannot invoke "java.util.List.add(Object)" because "this.canchas" is null
	at cl.kibernumacademy.servicio.GestorReservas.registrarCancha(GestorReservas.java:40)
	at cl.kibernumacademy.GestorReservasTest.testCalcularReservasPorDia(GestorReservasTest.java:133)
	at java.base/java.lang.reflect.Method.invoke(Method.java:569)
	at java.base/java.util.ArrayList.forEach(ArrayList.java:1511)
	at java.base/java.util.ArrayList.forEach(ArrayList.java:1511)
]]></error>
  </testcase>
  <testcase name="testCrearReserva" classname="cl.kibernumacademy.GestorReservasTest" time="0.015"/>
  <testcase name="testRegistrarCanchas" classname="cl.kibernumacademy.GestorReservasTest" time="0.007">
    <error message="Cannot invoke &quot;java.util.List.add(Object)&quot; because &quot;this.canchas&quot; is null" type="java.lang.NullPointerException"><![CDATA[java.lang.NullPointerException: Cannot invoke "java.util.List.add(Object)" because "this.canchas" is null
	at cl.kibernumacademy.servicio.GestorReservas.registrarCancha(GestorReservas.java:40)
	at cl.kibernumacademy.GestorReservasTest.testRegistrarCanchas(GestorReservasTest.java:58)
	at java.base/java.lang.reflect.Method.invoke(Method.java:569)
	at java.base/java.util.ArrayList.forEach(ArrayList.java:1511)
	at java.base/java.util.ArrayList.forEach(ArrayList.java:1511)
]]></error>
  </testcase>
</testsuite>